<?xml version="1.0" encoding="UTF-8"?>
<!-- Generated by org.testng.reporters.JUnitReportReporter -->
<testsuite hostname="Lenovo-PC" name="com.org.mypac.AutoITScript" tests="1" failures="0" timestamp="15 Jun 2020 17:24:07 GMT" time="83.486" errors="0">
  <testcase name="t" time="83.486" classname="com.org.mypac.AutoITScript"/>
</testsuite> <!-- com.org.mypac.AutoITScript -->
