<?xml version="1.0" encoding="UTF-8"?>
<!-- Generated by org.testng.reporters.JUnitReportReporter -->
<testsuite hostname="Lenovo-PC" name="com.org.mypac.AppiumWebApp" tests="1" failures="0" timestamp="24 Jun 2020 02:49:47 GMT" time="46.556" errors="0">
  <testcase name="web_application" time="46.556" classname="com.org.mypac.AppiumWebApp"/>
</testsuite> <!-- com.org.mypac.AppiumWebApp -->
