<?xml version="1.0" encoding="UTF-8"?>
<!-- Generated by org.testng.reporters.JUnitReportReporter -->
<testsuite hostname="Lenovo-PC" name="com.org.mypac.AppiumCode" tests="1" failures="0" timestamp="23 Jun 2020 03:05:40 GMT" time="52.651" errors="0">
  <testcase name="ab" time="52.651" classname="com.org.mypac.AppiumCode"/>
</testsuite> <!-- com.org.mypac.AppiumCode -->
