<?xml version="1.0" encoding="UTF-8"?>
<!-- Generated by org.testng.reporters.JUnitReportReporter -->
<testsuite hostname="Lenovo-PC" name="com.org.mypac.Mytest" tests="4" failures="0" timestamp="15 May 2020 03:26:21 GMT" time="75.949" errors="0">
  <testcase name="y" time="13.244" classname="com.org.mypac.Mytest"/>
  <testcase name="y" time="22.763" classname="com.org.mypac.Mytest"/>
  <testcase name="x" time="20.804" classname="com.org.mypac.Mytest"/>
  <testcase name="x" time="19.138" classname="com.org.mypac.Mytest"/>
</testsuite> <!-- com.org.mypac.Mytest -->
