<?xml version="1.0" encoding="UTF-8"?>
<!-- Generated by org.testng.reporters.JUnitReportReporter -->
<testsuite hostname="Lenovo-PC" name="com.org.mypac.AppiumNativeApp" tests="1" failures="0" timestamp="24 Jun 2020 03:05:45 GMT" time="46.106" errors="0">
  <testcase name="web_application" time="46.106" classname="com.org.mypac.AppiumNativeApp"/>
</testsuite> <!-- com.org.mypac.AppiumNativeApp -->
