<?xml version="1.0" encoding="UTF-8"?>
<!-- Generated by org.testng.reporters.JUnitReportReporter -->
<testsuite hostname="Lenovo-PC" name="com.org.mypac.ScreenshotClass" tests="1" failures="0" timestamp="16 Jun 2020 03:37:55 GMT" time="38.395" errors="0">
  <testcase name="t" time="38.395" classname="com.org.mypac.ScreenshotClass"/>
</testsuite> <!-- com.org.mypac.ScreenshotClass -->
