<?xml version="1.0" encoding="UTF-8"?>
<!-- Generated by org.testng.reporters.JUnitReportReporter -->
<testsuite hostname="Lenovo-PC" name="com.org.mypac.RestAssuredTestClass" tests="1" failures="0" timestamp="1 Jun 2020 02:52:56 GMT" time="6.062" errors="0">
  <testcase name="resttest" time="6.062" classname="com.org.mypac.RestAssuredTestClass"/>
</testsuite> <!-- com.org.mypac.RestAssuredTestClass -->
