<?xml version="1.0" encoding="UTF-8"?>
<!-- Generated by org.testng.reporters.JUnitReportReporter -->
<testsuite hostname="Lenovo-PC" name="com.org.mypac.NativeAppiumCode" tests="1" failures="0" timestamp="23 Jun 2020 03:22:13 GMT" time="35.315" errors="0">
  <testcase name="web_application" time="35.315" classname="com.org.mypac.NativeAppiumCode"/>
</testsuite> <!-- com.org.mypac.NativeAppiumCode -->
