<?xml version="1.0" encoding="UTF-8"?>
<!-- Generated by org.testng.reporters.JUnitReportReporter -->
<testsuite hostname="Lenovo-PC" name="com.org.mypac.CommonUtill" tests="1" failures="0" timestamp="22 May 2020 03:18:13 GMT" time="1.165" errors="0">
  <testcase name="excelRead" time="1.165" classname="com.org.mypac.CommonUtill"/>
</testsuite> <!-- com.org.mypac.CommonUtill -->
